0 info it worked if it ends with ok
1 verbose cli [ '/usr/bin/node', '/usr/bin/npm', 'run', 'process' ]
2 info using npm@3.5.2
3 info using node@v8.10.0
4 verbose run-script [ 'preprocess', 'process', 'postprocess' ]
5 info lifecycle rss-mentor-dashboard@1.0.0~preprocess: rss-mentor-dashboard@1.0.0
6 silly lifecycle rss-mentor-dashboard@1.0.0~preprocess: no script for preprocess, continuing
7 info lifecycle rss-mentor-dashboard@1.0.0~process: rss-mentor-dashboard@1.0.0
8 verbose lifecycle rss-mentor-dashboard@1.0.0~process: unsafe-perm in lifecycle true
9 verbose lifecycle rss-mentor-dashboard@1.0.0~process: PATH: /usr/share/npm/bin/node-gyp-bin:/home/roman/projects/double/liodama-2018Q3/rss-mentor-dashboard/node_modules/.bin:/usr/local/sbin:/usr/local/bin:/usr/sbin:/usr/bin:/sbin:/bin:/usr/games:/usr/local/games
10 verbose lifecycle rss-mentor-dashboard@1.0.0~process: CWD: /home/roman/projects/double/liodama-2018Q3/rss-mentor-dashboard
11 silly lifecycle rss-mentor-dashboard@1.0.0~process: Args: [ '-c', 'node ./node_script/data-process.js' ]
12 silly lifecycle rss-mentor-dashboard@1.0.0~process: Returned: code: 1  signal: null
13 info lifecycle rss-mentor-dashboard@1.0.0~process: Failed to exec process script
14 verbose stack Error: rss-mentor-dashboard@1.0.0 process: `node ./node_script/data-process.js`
14 verbose stack Exit status 1
14 verbose stack     at EventEmitter.<anonymous> (/usr/share/npm/lib/utils/lifecycle.js:232:16)
14 verbose stack     at emitTwo (events.js:126:13)
14 verbose stack     at EventEmitter.emit (events.js:214:7)
14 verbose stack     at ChildProcess.<anonymous> (/usr/share/npm/lib/utils/spawn.js:24:14)
14 verbose stack     at emitTwo (events.js:126:13)
14 verbose stack     at ChildProcess.emit (events.js:214:7)
14 verbose stack     at maybeClose (internal/child_process.js:925:16)
14 verbose stack     at Process.ChildProcess._handle.onexit (internal/child_process.js:209:5)
15 verbose pkgid rss-mentor-dashboard@1.0.0
16 verbose cwd /home/roman/projects/double/liodama-2018Q3/rss-mentor-dashboard
17 error Linux 4.15.0-20-generic
18 error argv "/usr/bin/node" "/usr/bin/npm" "run" "process"
19 error node v8.10.0
20 error npm  v3.5.2
21 error code ELIFECYCLE
22 error rss-mentor-dashboard@1.0.0 process: `node ./node_script/data-process.js`
22 error Exit status 1
23 error Failed at the rss-mentor-dashboard@1.0.0 process script 'node ./node_script/data-process.js'.
23 error Make sure you have the latest version of node.js and npm installed.
23 error If you do, this is most likely a problem with the rss-mentor-dashboard package,
23 error not with npm itself.
23 error Tell the author that this fails on your system:
23 error     node ./node_script/data-process.js
23 error You can get information on how to open an issue for this project with:
23 error     npm bugs rss-mentor-dashboard
23 error Or if that isn't available, you can get their info via:
23 error     npm owner ls rss-mentor-dashboard
23 error There is likely additional logging output above.
24 verbose exit [ 1, true ]
